<!DOCTYPE html>
<html>
<head>
    <title>Unittest Results</title>
    <meta charset="utf-8">
    <meta name="viewport" content="width=device-width, initial-scale=1.0">
    <link rel="stylesheet" href="https://maxcdn.bootstrapcdn.com/bootstrap/3.3.6/css/bootstrap.min.css" integrity="sha384-1q8mTJOASx8j1Au+a5WDVnPi2lkFfwwEAa8hDDdjZlpLegxhjVME1fgjWPGmkzs7" crossorigin="anonymous">
</head>
<body>
    <div class="container">
        <div class="row">
            <div class="col-xs-12">
                <h2 class="text-capitalize">Unittest Results</h2>
                <p class='attribute'><strong>Start Time: </strong>2020-07-14 22:30:59</p>
                <p class='attribute'><strong>Duration: </strong>56.40 s</p>
                <p class='attribute'><strong>Summary: </strong>Total: 1, Pass: 0, Error: 1</p>
            </div>
        </div>
        <div class="row">
            <div class="col-xs-12 col-sm-10 col-md-10">
                <table class='table table-hover table-responsive'>
                    <thead>
                        <tr>
                            <th>__main__.LoginTest</th>
                            <th>Status</th>
                            <th></th>
                        </tr>
                    </thead>
                    <tbody>
                        <tr class='warning'>
                            <td class="col-xs-10">test_login</td>
                            <td class="col-xs-1">
                                <span class="label label-warning" style="display:block;width:40px;">Error</span>
                            </td>
                            <td class="col-xs-1">
                                <button class="btn btn-default btn-xs">View</button>
                            </td>
                        </tr>
                        <tr style="display:none;">
                            <td class="col-xs-9" colspan="3"><p>test failed
test failed
test failed
test is passed
</p><p style="color:maroon;">PermissionError: [Errno 13] Permission denied: 'D:/Nidhi/TestAutomaiton/Selenium/Guru_practise.xlsx'</p><p style="color:maroon;">Traceback (most recent call last):
  File "D:/Nidhi/TestAutomaiton/pythonUnitTestProject_POMBased/Guru_99/verify_login.py", line 31, in test_login
    self.driver.switch_to.alert.accept()
  File "D:\Nidhi\TestAutomaiton\pythonUnitTestProject_POMBased\venv\lib\site-packages\selenium\webdriver\remote\switch_to.py", line 55, in alert
    alert.text
  File "D:\Nidhi\TestAutomaiton\pythonUnitTestProject_POMBased\venv\lib\site-packages\selenium\webdriver\common\alert.py", line 67, in text
    return self.driver.execute(Command.W3C_GET_ALERT_TEXT)["value"]
  File "D:\Nidhi\TestAutomaiton\pythonUnitTestProject_POMBased\venv\lib\site-packages\selenium\webdriver\remote\webdriver.py", line 321, in execute
    self.error_handler.check_response(response)
  File "D:\Nidhi\TestAutomaiton\pythonUnitTestProject_POMBased\venv\lib\site-packages\selenium\webdriver\remote\errorhandler.py", line 242, in check_response
    raise exception_class(message, screen, stacktrace)
selenium.common.exceptions.NoAlertPresentException: Message: 


During handling of the above exception, another exception occurred:

Traceback (most recent call last):
  File "D:/Nidhi/TestAutomaiton/pythonUnitTestProject_POMBased/Guru_99/verify_login.py", line 37, in test_login
    XLUtils.writeData(path, "Sheet1", r, 3, "test passed")
  File "D:\Nidhi\TestAutomaiton\pythonUnitTestProject_POMBased\Guru_99\XLUtils.py", line 22, in writeData
    workbook.save(file)
  File "D:\Nidhi\TestAutomaiton\pythonUnitTestProject_POMBased\venv\lib\site-packages\openpyxl\workbook\workbook.py", line 392, in save
    save_workbook(self, filename)
  File "D:\Nidhi\TestAutomaiton\pythonUnitTestProject_POMBased\venv\lib\site-packages\openpyxl\writer\excel.py", line 291, in save_workbook
    archive = ZipFile(filename, 'w', ZIP_DEFLATED, allowZip64=True)
  File "C:\Users\sagar\AppData\Local\Programs\Python\Python38\lib\zipfile.py", line 1216, in __init__
    self.fp = io.open(file, filemode)
PermissionError: [Errno 13] Permission denied: 'D:/Nidhi/TestAutomaiton/Selenium/Guru_practise.xlsx'
</p>
                            </td>
                        </tr>
                        <tr>
                            <td colspan="3">
                                Total: 1, Pass: 0, Error: 1 -- Duration: 56.40 s
                            </td>
                        </tr>
                    </tbody>
                </table>
            </div>
        </div>
    </div>
    <script src="https://ajax.googleapis.com/ajax/libs/jquery/2.2.4/jquery.min.js"></script>
    <script type="text/javascript">
        $(document).ready(function(){
            $('td').on('click', '.btn', function(e){
                e.preventDefault();
                e.stopImmediatePropagation();
                var $this = $(this);
                var $nextRow = $this.closest('tr').next('tr');
                $nextRow.slideToggle("fast");
                $this.text(function(i, text){
                    if (text === 'View') {
                        return 'Hide';
                    } else {
                        return 'View';
                    };
                });
            });
        });
    </script>
</body>
</html